Sun Mar  2 19:24:34 UTC 2025
Sun Mar  2 19:48:06 UTC 2025
Sun Mar  2 19:48:24 UTC 2025
Sun Mar  2 23:43:09 UTC 2025
Mon Mar  3 00:41:43 UTC 2025
Mon Mar  3 14:22:58 UTC 2025
Mon Mar  3 19:06:50 UTC 2025
Mon Mar  3 19:07:09 UTC 2025
Mon Mar  3 19:07:19 UTC 2025
Mon Mar  3 19:07:33 UTC 2025
Mon Mar  3 19:07:52 UTC 2025
Tue Mar  4 00:40:24 UTC 2025
Tue Mar  4 05:47:12 UTC 2025
Tue Mar  4 05:47:35 UTC 2025
Tue Mar  4 06:58:10 UTC 2025
Tue Mar  4 06:58:30 UTC 2025
Tue Mar  4 08:16:53 UTC 2025
Wed Mar  5 00:40:19 UTC 2025
Thu Mar  6 00:40:12 UTC 2025
Fri Mar  7 00:40:31 UTC 2025
Fri Mar  7 13:08:25 UTC 2025
Fri Mar  7 13:08:40 UTC 2025
Sat Mar  8 00:31:41 UTC 2025
Sun Mar  9 00:35:41 UTC 2025
Mon Mar 10 00:34:31 UTC 2025
Mon Mar 10 04:55:12 UTC 2025
Mon Mar 10 04:56:04 UTC 2025
Mon Mar 10 04:56:15 UTC 2025
Tue Mar 11 00:40:31 UTC 2025
Tue Mar 11 21:24:24 UTC 2025
Tue Mar 11 21:24:37 UTC 2025
Wed Mar 12 00:40:05 UTC 2025
Thu Mar 13 00:40:53 UTC 2025
Fri Mar 14 00:40:09 UTC 2025
Fri Mar 14 15:31:44 UTC 2025
Fri Mar 14 15:37:17 UTC 2025
Fri Mar 14 15:37:28 UTC 2025
Fri Mar 14 15:37:38 UTC 2025
Sat Mar 15 00:39:43 UTC 2025
Sun Mar 16 00:44:11 UTC 2025
Mon Mar 17 00:42:38 UTC 2025
Mon Mar 17 14:35:18 UTC 2025
Mon Mar 17 14:35:28 UTC 2025
Tue Mar 18 00:40:35 UTC 2025
Tue Mar 18 07:06:40 UTC 2025
Tue Mar 18 08:02:32 UTC 2025
Wed Mar 19 00:41:02 UTC 2025
